[2026-04-05T05:51:59.799Z] GET http://localhost:2204/variant-a.html → 200 (10ms, 11896B)
[2026-04-05T05:51:59.816Z] GET https://fonts.googleapis.com/css2?family=Fraunces:ital,wght@0,400;0,600;0,700;0,900;1,400;1,700&family=Inter:wght@400;500;600&family=Caveat:wght@500;700&display=swap → pending (?ms, ?B)
[2026-04-05T05:52:00.120Z] GET https://fonts.gstatic.com/s/caveat/v23/Wnz6HAc5bAfYB2Q7ZjYYiAzcPA.woff2 → 200 (190ms, 74572B)
[2026-04-05T05:52:00.120Z] GET https://fonts.gstatic.com/s/inter/v20/UcC73FwrK3iLTeHuS_nVMrMxCp50SjIa1ZL7W0Q5nw.woff2 → 200 (199ms, 48432B)
[2026-04-05T05:52:00.120Z] GET https://fonts.gstatic.com/s/fraunces/v38/6NUu8FyLNQOQZAnv9bYEvDiIdE9Ea92uemAk_WBq8U_9v0c2Wa0K7iN7hzFUPJH58nib14c7qv8oRcTn.woff2 → 200 (199ms, 36560B)
[2026-04-05T05:52:00.120Z] GET https://fonts.gstatic.com/s/fraunces/v38/6NUs8FyLNQOQZAnv9ZwNjucMHVn85Ni7emAe9lKqZTnbB-gzTK0K1ChJdt9vIVYX9G37lvd9mv0iQublWII.woff2 → 200 (192ms, 45624B)
[2026-04-05T05:52:00.708Z] GET http://localhost:2204/variant-b.html → 200 (3ms, 9938B)
[2026-04-05T05:52:00.715Z] GET https://fonts.googleapis.com/css2?family=IBM+Plex+Mono:wght@300;400;500;600;700&display=swap → 200 (72ms, 9860B)
[2026-04-05T05:52:00.797Z] GET https://fonts.gstatic.com/s/ibmplexmono/v20/-F63fjptAgt5VM-kVkqdyU8n1i8q131nj-o.woff2 → 200 (35ms, 10052B)
[2026-04-05T05:52:00.797Z] GET https://fonts.gstatic.com/s/ibmplexmono/v20/-F6qfjptAgt5VM-kVkqdyU8n3vAOwlBFgsAXHNk.woff2 → 200 (35ms, 10120B)
[2026-04-05T05:52:00.797Z] GET https://fonts.gstatic.com/s/ibmplexmono/v20/-F6qfjptAgt5VM-kVkqdyU8n3twJwlBFgsAXHNk.woff2 → 200 (39ms, 10060B)
[2026-04-05T05:52:01.042Z] GET http://localhost:2204/variant-c.html → 200 (1ms, 13759B)
[2026-04-05T05:52:01.046Z] GET https://fonts.googleapis.com/css2?family=Fraunces:ital,opsz,wght@0,9..144,300;0,9..144,400;0,9..144,600;0,9..144,900;1,9..144,300;1,9..144,400&family=Inter:wght@300;400;500;600&display=swap → 200 (40ms, 18214B)
[2026-04-05T05:52:01.099Z] GET https://fonts.gstatic.com/s/inter/v20/UcC73FwrK3iLTeHuS_nVMrMxCp50SjIa1ZL7W0Q5nw.woff2 → 200 (?ms, ?B)
[2026-04-05T05:52:01.099Z] GET https://fonts.gstatic.com/s/fraunces/v38/6NU78FyLNQOQZAnv9bYEvDiIdE9Ea92uemAk_WBq8U_9v0c2Wa0KxC9TeP2Xz5c.woff2 → 200 (58ms, 67388B)
[2026-04-05T05:52:01.099Z] GET https://fonts.gstatic.com/s/fraunces/v38/6NU58FyLNQOQZAnv9ZwNjucMHVn85Ni7emAe9lKqZTnbB-gzTK0K1ChjeveQ7ZXk8g.woff2 → 200 (58ms, 81704B)
[2026-04-05T05:52:01.417Z] GET http://localhost:2204/variant-d.html → 200 (1ms, 17381B)
[2026-04-05T05:52:01.421Z] GET https://fonts.googleapis.com/css2?family=Inter:wght@200;300;400;500;600;700;800&family=JetBrains+Mono:wght@400;500&display=swap → 200 (35ms, 22591B)
[2026-04-05T05:52:01.457Z] GET https://fonts.gstatic.com/s/inter/v20/UcC73FwrK3iLTeHuS_nVMrMxCp50SjIa1ZL7W0Q5nw.woff2 → 200 (?ms, ?B)
[2026-04-05T05:52:01.457Z] GET https://fonts.gstatic.com/s/jetbrainsmono/v24/tDbv2o-flEEny0FZhsfKu5WU4zr3E_BX0PnT8RD8yKwBNntkaToggR7BYRbKPxDcwgknk-4.woff2 → 200 (20ms, 31340B)
[2026-04-05T05:58:49.231Z] GET http://localhost:2204/ → 200 (7ms, 15737B)
[2026-04-05T05:58:49.243Z] GET https://fonts.googleapis.com/css2?family=Fraunces:ital,wght@0,400;0,600;0,700;0,900;1,400;1,700&family=Inter:wght@400;500;600&family=Caveat:wght@500;700&family=JetBrains+Mono:wght@400;500&display=swap → 200 (61ms, 23963B)
[2026-04-05T05:58:49.316Z] GET https://fonts.gstatic.com/s/caveat/v23/Wnz6HAc5bAfYB2Q7ZjYYiAzcPA.woff2 → 200 (?ms, ?B)
[2026-04-05T05:58:49.318Z] GET https://fonts.gstatic.com/s/fraunces/v38/6NUs8FyLNQOQZAnv9ZwNjucMHVn85Ni7emAe9lKqZTnbB-gzTK0K1ChJdt9vIVYX9G37lvd9mv0iQublWII.woff2 → 200 (?ms, ?B)
[2026-04-05T05:58:49.330Z] GET https://fonts.gstatic.com/s/fraunces/v38/6NUu8FyLNQOQZAnv9bYEvDiIdE9Ea92uemAk_WBq8U_9v0c2Wa0K7iN7hzFUPJH58nib14c7qv8oRcTn.woff2 → 200 (?ms, ?B)
[2026-04-05T05:58:49.330Z] GET https://fonts.gstatic.com/s/inter/v20/UcC73FwrK3iLTeHuS_nVMrMxCp50SjIa1ZL7W0Q5nw.woff2 → 200 (?ms, ?B)
[2026-04-05T05:58:49.331Z] GET https://fonts.gstatic.com/s/jetbrainsmono/v24/tDbv2o-flEEny0FZhsfKu5WU4zr3E_BX0PnT8RD8yKwBNntkaToggR7BYRbKPxDcwgknk-4.woff2 → 200 (1ms, ?B)
